<?xml version="1.0" encoding="UTF-8"?>
<!-- Generated by org.testng.reporters.JUnitReportReporter -->
<testsuite skipped="0" hostname="DESKTOP-MVMTAEH" name="com.selenium.test.selenium_java.ClassWork3" tests="4" failures="0" timestamp="20 Aug 2018 18:09:13 GMT" time="30.901" errors="0">
  <testcase name="click" time="7.230" classname="com.selenium.test.selenium_java.ClassWork3"/>
  <testcase name="doubleclick" time="8.013" classname="com.selenium.test.selenium_java.ClassWork3"/>
  <testcase name="rightClickTest" time="6.243" classname="com.selenium.test.selenium_java.ClassWork3"/>
  <testcase name="dropDown" time="9.415" classname="com.selenium.test.selenium_java.ClassWork3"/>
</testsuite> <!-- com.selenium.test.selenium_java.ClassWork3 -->
