<?xml version="1.0" encoding="UTF-8"?>
<!-- Generated by org.testng.reporters.JUnitReportReporter -->
<testsuite skipped="0" hostname="DESKTOP-MVMTAEH" name="com.selenium.test.selenium_java.PartOne" tests="2" failures="0" timestamp="20 Aug 2018 21:34:51 GMT" time="38.143" errors="0">
  <testcase name="locatorsInWeb" time="7.019" classname="com.selenium.test.selenium_java.PartOne"/>
  <testcase name="basiccommands" time="31.124" classname="com.selenium.test.selenium_java.PartOne"/>
</testsuite> <!-- com.selenium.test.selenium_java.PartOne -->
