<?xml version="1.0" encoding="UTF-8"?>
<!-- Generated by org.testng.reporters.JUnitReportReporter -->
<testsuite skipped="0" hostname="DESKTOP-MVMTAEH" name="com.selenium.test.selenium_java.CSSSelectors" tests="1" failures="0" timestamp="16 Aug 2018 16:50:30 GMT" time="3.090" errors="0">
  <testcase name="searchWitCssPath" time="3.090" classname="com.selenium.test.selenium_java.CSSSelectors"/>
</testsuite> <!-- com.selenium.test.selenium_java.CSSSelectors -->
