<?xml version="1.0" encoding="UTF-8"?>
<!-- Generated by org.testng.reporters.JUnitReportReporter -->
<testsuite skipped="0" hostname="DESKTOP-MVMTAEH" name="com.selenium.test.selenium_java.MouseOver" tests="1" failures="0" timestamp="20 Aug 2018 21:36:56 GMT" time="9.223" errors="0">
  <testcase name="MouseOverTest" time="9.223" classname="com.selenium.test.selenium_java.MouseOver"/>
</testsuite> <!-- com.selenium.test.selenium_java.MouseOver -->
