<?xml version="1.0" encoding="UTF-8"?>
<!-- Generated by org.testng.reporters.JUnitReportReporter -->
<testsuite skipped="0" hostname="DESKTOP-MVMTAEH" name="com.selenium.test.selenium_java.ClassWork2" tests="2" failures="0" timestamp="17 Aug 2018 19:00:23 GMT" time="20.717" errors="0">
  <testcase name="classTest" time="8.188" classname="com.selenium.test.selenium_java.ClassWork2"/>
  <testcase name="classTest2" time="12.529" classname="com.selenium.test.selenium_java.ClassWork2"/>
</testsuite> <!-- com.selenium.test.selenium_java.ClassWork2 -->
