<?xml version="1.0" encoding="UTF-8"?>
<!-- Generated by org.testng.reporters.JUnitReportReporter -->
<testsuite skipped="0" hostname="DESKTOP-MVMTAEH" name="com.selenium.test.selenium_java.xpath" tests="1" failures="0" timestamp="17 Aug 2018 03:14:11 GMT" time="12.556" errors="0">
  <testcase name="serchwithxpth" time="12.556" classname="com.selenium.test.selenium_java.xpath"/>
</testsuite> <!-- com.selenium.test.selenium_java.xpath -->
