<?xml version="1.0" encoding="UTF-8"?>
<!-- Generated by org.testng.reporters.JUnitReportReporter -->
<testsuite skipped="0" hostname="DESKTOP-MVMTAEH" name="com.selenium.test.selenium_java.ScorllTest" tests="1" failures="0" timestamp="20 Aug 2018 19:03:09 GMT" time="8.132" errors="0">
  <testcase name="testScroll" time="8.132" classname="com.selenium.test.selenium_java.ScorllTest"/>
</testsuite> <!-- com.selenium.test.selenium_java.ScorllTest -->
